<?xml version="1.0" encoding="UTF-8"?>
<!-- Generated by org.testng.reporters.JUnitXMLReporter -->
<testsuite ignored="0" hostname="Gursandeep_Virk" failures="1" tests="15" name="Test" time="77.342" errors="0" timestamp="2024-03-25T15:59:15 EDT">
  <testcase classname="com.saucedemo.testpages.SauceDemoPageTest" name="validateIfUserCanLogin" time="0.837"/>
  <testcase classname="com.saucedemo.testpages.SauceDemoPageTest" name="validateIfUserCanLogin" time="0.538"/>
  <testcase classname="com.saucedemo.testpages.SauceDemoPageTest" name="validateIfUserCanLogin" time="5.69"/>
  <testcase classname="com.saucedemo.testpages.SauceDemoPageTest" name="validateIfUserCanLogin" time="0.543"/>
  <testcase classname="com.saucedemo.testpages.SauceDemoPageTest" name="validateIfUserCanLogin" time="0.529"/>
  <testcase classname="com.saucedemo.testpages.SauceDemoPageTest" name="validateLockOutUserCanNotLogin" time="0.52"/>
  <testcase classname="com.saucedemo.testpages.InventoryPageTest" name="validateIfUserCanSetPriceFromLowToHigh" time="0.764"/>
  <testcase classname="com.saucedemo.testpages.InventoryPageTest" name="validateLogoutButton" time="10.822">
    <skipped/>
  </testcase> <!-- validateLogoutButton -->
  <testcase classname="com.saucedemo.testpages.InventoryPageTest" name="validateLogoutButton" time="10.79">
    <failure type="org.openqa.selenium.ElementNotInteractableException" message="element not interactable
  (Session info: chrome=122.0.6261.131)
Build info: version: &amp;apos;4.11.0&amp;apos;, revision: &amp;apos;040bc5406b&amp;apos;
System info: os.name: &amp;apos;Windows 11&amp;apos;, os.arch: &amp;apos;amd64&amp;apos;, os.version: &amp;apos;10.0&amp;apos;, java.version: &amp;apos;17.0.7&amp;apos;
Driver info: org.openqa.selenium.chrome.ChromeDriver
Command: [33fce541097ddc668c8df76d87edce60, clickElement {id=f.8BF6EBDBA8CBAA2F230A30C865A32FBC.d.F79524BF54CE8752300C71B64F60ECFC.e.36}]
Capabilities {acceptInsecureCerts: false, browserName: chrome, browserVersion: 122.0.6261.131, chrome: {chromedriverVersion: 122.0.6261.128 (f18a44fedeb..., userDataDir: C:\Users\gurja\AppData\Loca...}, fedcm:accounts: true, goog:chromeOptions: {debuggerAddress: localhost:55523}, networkConnectionEnabled: false, pageLoadStrategy: normal, platformName: windows, proxy: Proxy(), se:cdp: ws://localhost:55523/devtoo..., se:cdpVersion: 122.0.6261.131, setWindowRect: true, strictFileInteractability: false, timeouts: {implicit: 0, pageLoad: 300000, script: 30000}, unhandledPromptBehavior: dismiss and notify, webauthn:extension:credBlob: true, webauthn:extension:largeBlob: true, webauthn:extension:minPinLength: true, webauthn:extension:prf: true, webauthn:virtualAuthenticators: true}
Element: [[ChromeDriver: chrome on windows (33fce541097ddc668c8df76d87edce60)] -&amp;gt; css selector: #logout_sidebar_link]
Session ID: 33fce541097ddc668c8df76d87edce60">
      <![CDATA[org.openqa.selenium.ElementNotInteractableException: element not interactable
  (Session info: chrome=122.0.6261.131)
Build info: version: '4.11.0', revision: '040bc5406b'
System info: os.name: 'Windows 11', os.arch: 'amd64', os.version: '10.0', java.version: '17.0.7'
Driver info: org.openqa.selenium.chrome.ChromeDriver
Command: [33fce541097ddc668c8df76d87edce60, clickElement {id=f.8BF6EBDBA8CBAA2F230A30C865A32FBC.d.F79524BF54CE8752300C71B64F60ECFC.e.36}]
Capabilities {acceptInsecureCerts: false, browserName: chrome, browserVersion: 122.0.6261.131, chrome: {chromedriverVersion: 122.0.6261.128 (f18a44fedeb..., userDataDir: C:\Users\gurja\AppData\Loca...}, fedcm:accounts: true, goog:chromeOptions: {debuggerAddress: localhost:55523}, networkConnectionEnabled: false, pageLoadStrategy: normal, platformName: windows, proxy: Proxy(), se:cdp: ws://localhost:55523/devtoo..., se:cdpVersion: 122.0.6261.131, setWindowRect: true, strictFileInteractability: false, timeouts: {implicit: 0, pageLoad: 300000, script: 30000}, unhandledPromptBehavior: dismiss and notify, webauthn:extension:credBlob: true, webauthn:extension:largeBlob: true, webauthn:extension:minPinLength: true, webauthn:extension:prf: true, webauthn:virtualAuthenticators: true}
Element: [[ChromeDriver: chrome on windows (33fce541097ddc668c8df76d87edce60)] -> css selector: #logout_sidebar_link]
Session ID: 33fce541097ddc668c8df76d87edce60
at org.openqa.selenium.remote.codec.w3c.W3CHttpResponseCodec.createException(W3CHttpResponseCodec.java:200)
at org.openqa.selenium.remote.codec.w3c.W3CHttpResponseCodec.decode(W3CHttpResponseCodec.java:133)
at org.openqa.selenium.remote.codec.w3c.W3CHttpResponseCodec.decode(W3CHttpResponseCodec.java:52)
at org.openqa.selenium.remote.HttpCommandExecutor.execute(HttpCommandExecutor.java:191)
at org.openqa.selenium.remote.service.DriverCommandExecutor.invokeExecute(DriverCommandExecutor.java:196)
at org.openqa.selenium.remote.service.DriverCommandExecutor.execute(DriverCommandExecutor.java:171)
at org.openqa.selenium.remote.RemoteWebDriver.execute(RemoteWebDriver.java:518)
at org.openqa.selenium.remote.RemoteWebElement.execute(RemoteWebElement.java:224)
at org.openqa.selenium.remote.RemoteWebElement.click(RemoteWebElement.java:77)
at org.openqa.selenium.support.pagefactory.internal.LocatingElementHandler.invoke(LocatingElementHandler.java:51)
at jdk.proxy2/jdk.proxy2.$Proxy19.click(Unknown Source)
at com.saucedemo.pages.InventoryPage.clickOnLogout(InventoryPage.java:91)
at com.saucedemo.testpages.InventoryPageTest.validateLogoutButton(InventoryPageTest.java:36)
at java.base/java.util.ArrayList.forEach(ArrayList.java:1511)
... Removed 36 stack frames]]>
    </failure>
  </testcase> <!-- validateLogoutButton -->
  <testcase classname="com.saucedemo.testpages.CartPageTest" name="validateIfRedAndBoltTShirtAvailableInCart" time="0.964"/>
  <testcase classname="com.saucedemo.testpages.CartPageTest" name="validateCheckoutButtonOnCartPage" time="0.814"/>
  <testcase classname="com.saucedemo.testpages.CheckoutPageTest" name="validateIfContinueButtonForCheckoutIsWorking" time="1.171"/>
  <testcase classname="com.saucedemo.testpages.CheckoutPageTest" name="validateTotalPaymentOnPage" time="1.465"/>
  <testcase classname="com.saucedemo.testpages.CheckoutPageTest" name="validateFinishButton" time="1.356"/>
  <testcase classname="com.saucedemo.testpages.CheckoutPageTest" name="validateBackToProductsButtonIsWorking" time="1.556"/>
</testsuite> <!-- Test -->
