<?xml version="1.0" encoding="UTF-8"?>
<testng-results retried="1" ignored="1" total="16" passed="13" failed="1" skipped="0">
  <reporter-output>
  </reporter-output>
  <suite started-at="2024-03-25T15:57:57 EDT" name="MyTestSuite" finished-at="2024-03-25T15:59:14 EDT" duration-ms="77342">
    <groups>
    </groups>
    <test started-at="2024-03-25T15:57:57 EDT" name="Test" finished-at="2024-03-25T15:59:14 EDT" duration-ms="77342">
      <class name="com.saucedemo.testpages.InventoryPageTest">
        <test-method is-config="true" signature="loggerSetup()[pri:0, instance:com.saucedemo.testpages.InventoryPageTest@1caa0244]" started-at="2024-03-25T15:58:24 EDT" name="loggerSetup" finished-at="2024-03-25T15:58:24 EDT" duration-ms="3" status="PASS">
          <reporter-output>
          </reporter-output>
        </test-method> <!-- loggerSetup -->
        <test-method is-config="true" signature="launch()[pri:0, instance:com.saucedemo.testpages.InventoryPageTest@1caa0244]" started-at="2024-03-25T15:58:24 EDT" name="launch" finished-at="2024-03-25T15:58:26 EDT" duration-ms="1919" status="PASS">
          <reporter-output>
          </reporter-output>
        </test-method> <!-- launch -->
        <test-method signature="validateIfUserCanSetPriceFromLowToHigh()[pri:0, instance:com.saucedemo.testpages.InventoryPageTest@1caa0244]" started-at="2024-03-25T15:58:26 EDT" name="validateIfUserCanSetPriceFromLowToHigh" finished-at="2024-03-25T15:58:27 EDT" duration-ms="764" status="PASS">
          <reporter-output>
          </reporter-output>
        </test-method> <!-- validateIfUserCanSetPriceFromLowToHigh -->
        <test-method is-config="true" signature="quitBrowser()[pri:0, instance:com.saucedemo.testpages.InventoryPageTest@1caa0244]" started-at="2024-03-25T15:58:27 EDT" name="quitBrowser" finished-at="2024-03-25T15:58:27 EDT" duration-ms="235" status="PASS">
          <reporter-output>
          </reporter-output>
        </test-method> <!-- quitBrowser -->
        <test-method is-config="true" signature="launch()[pri:0, instance:com.saucedemo.testpages.InventoryPageTest@1caa0244]" started-at="2024-03-25T15:58:27 EDT" name="launch" finished-at="2024-03-25T15:58:29 EDT" duration-ms="1914" status="PASS">
          <reporter-output>
          </reporter-output>
        </test-method> <!-- launch -->
        <test-method retried="true" signature="validateLogoutButton()[pri:0, instance:com.saucedemo.testpages.InventoryPageTest@1caa0244]" started-at="2024-03-25T15:58:29 EDT" name="validateLogoutButton" finished-at="2024-03-25T15:58:40 EDT" duration-ms="10822" status="SKIP">
          <exception class="org.openqa.selenium.ElementNotInteractableException">
            <message>
              <![CDATA[element not interactable
  (Session info: chrome=122.0.6261.131)
Build info: version: '4.11.0', revision: '040bc5406b'
System info: os.name: 'Windows 11', os.arch: 'amd64', os.version: '10.0', java.version: '17.0.7'
Driver info: org.openqa.selenium.chrome.ChromeDriver
Command: [40a1acd2655634ab4b65dfd964ca9e40, clickElement {id=f.A3AC22EBF131B9DAAFF9F364E60BD01C.d.A2512A9746CB5E0110DC980C3BC905D2.e.35}]
Capabilities {acceptInsecureCerts: false, browserName: chrome, browserVersion: 122.0.6261.131, chrome: {chromedriverVersion: 122.0.6261.128 (f18a44fedeb..., userDataDir: C:\Users\gurja\AppData\Loca...}, fedcm:accounts: true, goog:chromeOptions: {debuggerAddress: localhost:55494}, networkConnectionEnabled: false, pageLoadStrategy: normal, platformName: windows, proxy: Proxy(), se:cdp: ws://localhost:55494/devtoo..., se:cdpVersion: 122.0.6261.131, setWindowRect: true, strictFileInteractability: false, timeouts: {implicit: 0, pageLoad: 300000, script: 30000}, unhandledPromptBehavior: dismiss and notify, webauthn:extension:credBlob: true, webauthn:extension:largeBlob: true, webauthn:extension:minPinLength: true, webauthn:extension:prf: true, webauthn:virtualAuthenticators: true}
Element: [[ChromeDriver: chrome on windows (40a1acd2655634ab4b65dfd964ca9e40)] -> css selector: #logout_sidebar_link]
Session ID: 40a1acd2655634ab4b65dfd964ca9e40]]>
            </message>
            <full-stacktrace>
              <![CDATA[org.openqa.selenium.ElementNotInteractableException: element not interactable
  (Session info: chrome=122.0.6261.131)
Build info: version: '4.11.0', revision: '040bc5406b'
System info: os.name: 'Windows 11', os.arch: 'amd64', os.version: '10.0', java.version: '17.0.7'
Driver info: org.openqa.selenium.chrome.ChromeDriver
Command: [40a1acd2655634ab4b65dfd964ca9e40, clickElement {id=f.A3AC22EBF131B9DAAFF9F364E60BD01C.d.A2512A9746CB5E0110DC980C3BC905D2.e.35}]
Capabilities {acceptInsecureCerts: false, browserName: chrome, browserVersion: 122.0.6261.131, chrome: {chromedriverVersion: 122.0.6261.128 (f18a44fedeb..., userDataDir: C:\Users\gurja\AppData\Loca...}, fedcm:accounts: true, goog:chromeOptions: {debuggerAddress: localhost:55494}, networkConnectionEnabled: false, pageLoadStrategy: normal, platformName: windows, proxy: Proxy(), se:cdp: ws://localhost:55494/devtoo..., se:cdpVersion: 122.0.6261.131, setWindowRect: true, strictFileInteractability: false, timeouts: {implicit: 0, pageLoad: 300000, script: 30000}, unhandledPromptBehavior: dismiss and notify, webauthn:extension:credBlob: true, webauthn:extension:largeBlob: true, webauthn:extension:minPinLength: true, webauthn:extension:prf: true, webauthn:virtualAuthenticators: true}
Element: [[ChromeDriver: chrome on windows (40a1acd2655634ab4b65dfd964ca9e40)] -> css selector: #logout_sidebar_link]
Session ID: 40a1acd2655634ab4b65dfd964ca9e40
at java.base/jdk.internal.reflect.NativeConstructorAccessorImpl.newInstance0(Native Method)
at java.base/jdk.internal.reflect.NativeConstructorAccessorImpl.newInstance(NativeConstructorAccessorImpl.java:77)
at java.base/jdk.internal.reflect.DelegatingConstructorAccessorImpl.newInstance(DelegatingConstructorAccessorImpl.java:45)
at java.base/java.lang.reflect.Constructor.newInstanceWithCaller(Constructor.java:499)
at java.base/java.lang.reflect.Constructor.newInstance(Constructor.java:480)
at org.openqa.selenium.remote.codec.w3c.W3CHttpResponseCodec.createException(W3CHttpResponseCodec.java:200)
at org.openqa.selenium.remote.codec.w3c.W3CHttpResponseCodec.decode(W3CHttpResponseCodec.java:133)
at org.openqa.selenium.remote.codec.w3c.W3CHttpResponseCodec.decode(W3CHttpResponseCodec.java:52)
at org.openqa.selenium.remote.HttpCommandExecutor.execute(HttpCommandExecutor.java:191)
at org.openqa.selenium.remote.service.DriverCommandExecutor.invokeExecute(DriverCommandExecutor.java:196)
at org.openqa.selenium.remote.service.DriverCommandExecutor.execute(DriverCommandExecutor.java:171)
at org.openqa.selenium.remote.RemoteWebDriver.execute(RemoteWebDriver.java:518)
at org.openqa.selenium.remote.RemoteWebElement.execute(RemoteWebElement.java:224)
at org.openqa.selenium.remote.RemoteWebElement.click(RemoteWebElement.java:77)
at java.base/jdk.internal.reflect.NativeMethodAccessorImpl.invoke0(Native Method)
at java.base/jdk.internal.reflect.NativeMethodAccessorImpl.invoke(NativeMethodAccessorImpl.java:77)
at java.base/jdk.internal.reflect.DelegatingMethodAccessorImpl.invoke(DelegatingMethodAccessorImpl.java:43)
at java.base/java.lang.reflect.Method.invoke(Method.java:568)
at org.openqa.selenium.support.pagefactory.internal.LocatingElementHandler.invoke(LocatingElementHandler.java:51)
at jdk.proxy2/jdk.proxy2.$Proxy19.click(Unknown Source)
at com.saucedemo.pages.InventoryPage.clickOnLogout(InventoryPage.java:91)
at com.saucedemo.testpages.InventoryPageTest.validateLogoutButton(InventoryPageTest.java:36)
at java.base/jdk.internal.reflect.NativeMethodAccessorImpl.invoke0(Native Method)
at java.base/jdk.internal.reflect.NativeMethodAccessorImpl.invoke(NativeMethodAccessorImpl.java:77)
at java.base/jdk.internal.reflect.DelegatingMethodAccessorImpl.invoke(DelegatingMethodAccessorImpl.java:43)
at java.base/java.lang.reflect.Method.invoke(Method.java:568)
at org.testng.internal.invokers.MethodInvocationHelper.invokeMethod(MethodInvocationHelper.java:139)
at org.testng.internal.invokers.TestInvoker.invokeMethod(TestInvoker.java:664)
at org.testng.internal.invokers.TestInvoker.invokeTestMethod(TestInvoker.java:227)
at org.testng.internal.invokers.MethodRunner.runInSequence(MethodRunner.java:50)
at org.testng.internal.invokers.TestInvoker$MethodInvocationAgent.invoke(TestInvoker.java:957)
at org.testng.internal.invokers.TestInvoker.invokeTestMethods(TestInvoker.java:200)
at org.testng.internal.invokers.TestMethodWorker.invokeTestMethods(TestMethodWorker.java:148)
at org.testng.internal.invokers.TestMethodWorker.run(TestMethodWorker.java:128)
at java.base/java.util.ArrayList.forEach(ArrayList.java:1511)
at org.testng.TestRunner.privateRun(TestRunner.java:848)
at org.testng.TestRunner.run(TestRunner.java:621)
at org.testng.SuiteRunner.runTest(SuiteRunner.java:443)
at org.testng.SuiteRunner.runSequentially(SuiteRunner.java:437)
at org.testng.SuiteRunner.privateRun(SuiteRunner.java:397)
at org.testng.SuiteRunner.run(SuiteRunner.java:336)
at org.testng.SuiteRunnerWorker.runSuite(SuiteRunnerWorker.java:52)
at org.testng.SuiteRunnerWorker.run(SuiteRunnerWorker.java:95)
at org.testng.TestNG.runSuitesSequentially(TestNG.java:1280)
at org.testng.TestNG.runSuitesLocally(TestNG.java:1200)
at org.testng.TestNG.runSuites(TestNG.java:1114)
at org.testng.TestNG.run(TestNG.java:1082)
at org.testng.remote.AbstractRemoteTestNG.run(AbstractRemoteTestNG.java:115)
at org.testng.remote.RemoteTestNG.initAndRun(RemoteTestNG.java:251)
at org.testng.remote.RemoteTestNG.main(RemoteTestNG.java:77)
]]>
            </full-stacktrace>
          </exception> <!-- org.openqa.selenium.ElementNotInteractableException -->
          <reporter-output>
          </reporter-output>
        </test-method> <!-- validateLogoutButton -->
        <test-method is-config="true" signature="quitBrowser()[pri:0, instance:com.saucedemo.testpages.InventoryPageTest@1caa0244]" started-at="2024-03-25T15:58:40 EDT" name="quitBrowser" finished-at="2024-03-25T15:58:40 EDT" duration-ms="395" status="PASS">
          <reporter-output>
          </reporter-output>
        </test-method> <!-- quitBrowser -->
        <test-method is-config="true" signature="launch()[pri:0, instance:com.saucedemo.testpages.InventoryPageTest@1caa0244]" started-at="2024-03-25T15:58:40 EDT" name="launch" finished-at="2024-03-25T15:58:42 EDT" duration-ms="2032" status="PASS">
          <reporter-output>
          </reporter-output>
        </test-method> <!-- launch -->
        <test-method signature="validateLogoutButton()[pri:0, instance:com.saucedemo.testpages.InventoryPageTest@1caa0244]" started-at="2024-03-25T15:58:42 EDT" name="validateLogoutButton" finished-at="2024-03-25T15:58:53 EDT" duration-ms="10790" status="FAIL">
          <exception class="org.openqa.selenium.ElementNotInteractableException">
            <message>
              <![CDATA[element not interactable
  (Session info: chrome=122.0.6261.131)
Build info: version: '4.11.0', revision: '040bc5406b'
System info: os.name: 'Windows 11', os.arch: 'amd64', os.version: '10.0', java.version: '17.0.7'
Driver info: org.openqa.selenium.chrome.ChromeDriver
Command: [33fce541097ddc668c8df76d87edce60, clickElement {id=f.8BF6EBDBA8CBAA2F230A30C865A32FBC.d.F79524BF54CE8752300C71B64F60ECFC.e.36}]
Capabilities {acceptInsecureCerts: false, browserName: chrome, browserVersion: 122.0.6261.131, chrome: {chromedriverVersion: 122.0.6261.128 (f18a44fedeb..., userDataDir: C:\Users\gurja\AppData\Loca...}, fedcm:accounts: true, goog:chromeOptions: {debuggerAddress: localhost:55523}, networkConnectionEnabled: false, pageLoadStrategy: normal, platformName: windows, proxy: Proxy(), se:cdp: ws://localhost:55523/devtoo..., se:cdpVersion: 122.0.6261.131, setWindowRect: true, strictFileInteractability: false, timeouts: {implicit: 0, pageLoad: 300000, script: 30000}, unhandledPromptBehavior: dismiss and notify, webauthn:extension:credBlob: true, webauthn:extension:largeBlob: true, webauthn:extension:minPinLength: true, webauthn:extension:prf: true, webauthn:virtualAuthenticators: true}
Element: [[ChromeDriver: chrome on windows (33fce541097ddc668c8df76d87edce60)] -> css selector: #logout_sidebar_link]
Session ID: 33fce541097ddc668c8df76d87edce60]]>
            </message>
            <full-stacktrace>
              <![CDATA[org.openqa.selenium.ElementNotInteractableException: element not interactable
  (Session info: chrome=122.0.6261.131)
Build info: version: '4.11.0', revision: '040bc5406b'
System info: os.name: 'Windows 11', os.arch: 'amd64', os.version: '10.0', java.version: '17.0.7'
Driver info: org.openqa.selenium.chrome.ChromeDriver
Command: [33fce541097ddc668c8df76d87edce60, clickElement {id=f.8BF6EBDBA8CBAA2F230A30C865A32FBC.d.F79524BF54CE8752300C71B64F60ECFC.e.36}]
Capabilities {acceptInsecureCerts: false, browserName: chrome, browserVersion: 122.0.6261.131, chrome: {chromedriverVersion: 122.0.6261.128 (f18a44fedeb..., userDataDir: C:\Users\gurja\AppData\Loca...}, fedcm:accounts: true, goog:chromeOptions: {debuggerAddress: localhost:55523}, networkConnectionEnabled: false, pageLoadStrategy: normal, platformName: windows, proxy: Proxy(), se:cdp: ws://localhost:55523/devtoo..., se:cdpVersion: 122.0.6261.131, setWindowRect: true, strictFileInteractability: false, timeouts: {implicit: 0, pageLoad: 300000, script: 30000}, unhandledPromptBehavior: dismiss and notify, webauthn:extension:credBlob: true, webauthn:extension:largeBlob: true, webauthn:extension:minPinLength: true, webauthn:extension:prf: true, webauthn:virtualAuthenticators: true}
Element: [[ChromeDriver: chrome on windows (33fce541097ddc668c8df76d87edce60)] -> css selector: #logout_sidebar_link]
Session ID: 33fce541097ddc668c8df76d87edce60
at java.base/jdk.internal.reflect.NativeConstructorAccessorImpl.newInstance0(Native Method)
at java.base/jdk.internal.reflect.NativeConstructorAccessorImpl.newInstance(NativeConstructorAccessorImpl.java:77)
at java.base/jdk.internal.reflect.DelegatingConstructorAccessorImpl.newInstance(DelegatingConstructorAccessorImpl.java:45)
at java.base/java.lang.reflect.Constructor.newInstanceWithCaller(Constructor.java:499)
at java.base/java.lang.reflect.Constructor.newInstance(Constructor.java:480)
at org.openqa.selenium.remote.codec.w3c.W3CHttpResponseCodec.createException(W3CHttpResponseCodec.java:200)
at org.openqa.selenium.remote.codec.w3c.W3CHttpResponseCodec.decode(W3CHttpResponseCodec.java:133)
at org.openqa.selenium.remote.codec.w3c.W3CHttpResponseCodec.decode(W3CHttpResponseCodec.java:52)
at org.openqa.selenium.remote.HttpCommandExecutor.execute(HttpCommandExecutor.java:191)
at org.openqa.selenium.remote.service.DriverCommandExecutor.invokeExecute(DriverCommandExecutor.java:196)
at org.openqa.selenium.remote.service.DriverCommandExecutor.execute(DriverCommandExecutor.java:171)
at org.openqa.selenium.remote.RemoteWebDriver.execute(RemoteWebDriver.java:518)
at org.openqa.selenium.remote.RemoteWebElement.execute(RemoteWebElement.java:224)
at org.openqa.selenium.remote.RemoteWebElement.click(RemoteWebElement.java:77)
at java.base/jdk.internal.reflect.NativeMethodAccessorImpl.invoke0(Native Method)
at java.base/jdk.internal.reflect.NativeMethodAccessorImpl.invoke(NativeMethodAccessorImpl.java:77)
at java.base/jdk.internal.reflect.DelegatingMethodAccessorImpl.invoke(DelegatingMethodAccessorImpl.java:43)
at java.base/java.lang.reflect.Method.invoke(Method.java:568)
at org.openqa.selenium.support.pagefactory.internal.LocatingElementHandler.invoke(LocatingElementHandler.java:51)
at jdk.proxy2/jdk.proxy2.$Proxy19.click(Unknown Source)
at com.saucedemo.pages.InventoryPage.clickOnLogout(InventoryPage.java:91)
at com.saucedemo.testpages.InventoryPageTest.validateLogoutButton(InventoryPageTest.java:36)
at java.base/jdk.internal.reflect.NativeMethodAccessorImpl.invoke0(Native Method)
at java.base/jdk.internal.reflect.NativeMethodAccessorImpl.invoke(NativeMethodAccessorImpl.java:77)
at java.base/jdk.internal.reflect.DelegatingMethodAccessorImpl.invoke(DelegatingMethodAccessorImpl.java:43)
at java.base/java.lang.reflect.Method.invoke(Method.java:568)
at org.testng.internal.invokers.MethodInvocationHelper.invokeMethod(MethodInvocationHelper.java:139)
at org.testng.internal.invokers.TestInvoker.invokeMethod(TestInvoker.java:664)
at org.testng.internal.invokers.TestInvoker.retryFailed(TestInvoker.java:248)
at org.testng.internal.invokers.MethodRunner.runInSequence(MethodRunner.java:62)
at org.testng.internal.invokers.TestInvoker$MethodInvocationAgent.invoke(TestInvoker.java:957)
at org.testng.internal.invokers.TestInvoker.invokeTestMethods(TestInvoker.java:200)
at org.testng.internal.invokers.TestMethodWorker.invokeTestMethods(TestMethodWorker.java:148)
at org.testng.internal.invokers.TestMethodWorker.run(TestMethodWorker.java:128)
at java.base/java.util.ArrayList.forEach(ArrayList.java:1511)
at org.testng.TestRunner.privateRun(TestRunner.java:848)
at org.testng.TestRunner.run(TestRunner.java:621)
at org.testng.SuiteRunner.runTest(SuiteRunner.java:443)
at org.testng.SuiteRunner.runSequentially(SuiteRunner.java:437)
at org.testng.SuiteRunner.privateRun(SuiteRunner.java:397)
at org.testng.SuiteRunner.run(SuiteRunner.java:336)
at org.testng.SuiteRunnerWorker.runSuite(SuiteRunnerWorker.java:52)
at org.testng.SuiteRunnerWorker.run(SuiteRunnerWorker.java:95)
at org.testng.TestNG.runSuitesSequentially(TestNG.java:1280)
at org.testng.TestNG.runSuitesLocally(TestNG.java:1200)
at org.testng.TestNG.runSuites(TestNG.java:1114)
at org.testng.TestNG.run(TestNG.java:1082)
at org.testng.remote.AbstractRemoteTestNG.run(AbstractRemoteTestNG.java:115)
at org.testng.remote.RemoteTestNG.initAndRun(RemoteTestNG.java:251)
at org.testng.remote.RemoteTestNG.main(RemoteTestNG.java:77)
]]>
            </full-stacktrace>
          </exception> <!-- org.openqa.selenium.ElementNotInteractableException -->
          <reporter-output>
          </reporter-output>
        </test-method> <!-- validateLogoutButton -->
        <test-method is-config="true" signature="quitBrowser()[pri:0, instance:com.saucedemo.testpages.InventoryPageTest@1caa0244]" started-at="2024-03-25T15:58:54 EDT" name="quitBrowser" finished-at="2024-03-25T15:58:54 EDT" duration-ms="392" status="PASS">
          <reporter-output>
          </reporter-output>
        </test-method> <!-- quitBrowser -->
      </class> <!-- com.saucedemo.testpages.InventoryPageTest -->
      <class name="com.saucedemo.testpages.CartPageTest">
        <test-method is-config="true" signature="loggerSetup()[pri:0, instance:com.saucedemo.testpages.CartPageTest@1750fbeb]" started-at="2024-03-25T15:58:54 EDT" name="loggerSetup" finished-at="2024-03-25T15:58:54 EDT" duration-ms="0" status="PASS">
          <reporter-output>
          </reporter-output>
        </test-method> <!-- loggerSetup -->
        <test-method is-config="true" signature="launch()[pri:0, instance:com.saucedemo.testpages.CartPageTest@1750fbeb]" started-at="2024-03-25T15:58:54 EDT" name="launch" finished-at="2024-03-25T15:58:56 EDT" duration-ms="1997" status="PASS">
          <reporter-output>
          </reporter-output>
        </test-method> <!-- launch -->
        <test-method signature="validateIfRedAndBoltTShirtAvailableInCart()[pri:0, instance:com.saucedemo.testpages.CartPageTest@1750fbeb]" started-at="2024-03-25T15:58:56 EDT" name="validateIfRedAndBoltTShirtAvailableInCart" finished-at="2024-03-25T15:58:57 EDT" duration-ms="964" status="PASS">
          <reporter-output>
          </reporter-output>
        </test-method> <!-- validateIfRedAndBoltTShirtAvailableInCart -->
        <test-method is-config="true" signature="quitBrowser()[pri:0, instance:com.saucedemo.testpages.CartPageTest@1750fbeb]" started-at="2024-03-25T15:58:57 EDT" name="quitBrowser" finished-at="2024-03-25T15:58:57 EDT" duration-ms="221" status="PASS">
          <reporter-output>
          </reporter-output>
        </test-method> <!-- quitBrowser -->
        <test-method is-config="true" signature="launch()[pri:0, instance:com.saucedemo.testpages.CartPageTest@1750fbeb]" started-at="2024-03-25T15:58:57 EDT" name="launch" finished-at="2024-03-25T15:58:59 EDT" duration-ms="1942" status="PASS">
          <reporter-output>
          </reporter-output>
        </test-method> <!-- launch -->
        <test-method signature="validateCheckoutButtonOnCartPage()[pri:0, instance:com.saucedemo.testpages.CartPageTest@1750fbeb]" started-at="2024-03-25T15:58:59 EDT" name="validateCheckoutButtonOnCartPage" finished-at="2024-03-25T15:59:00 EDT" depends-on-methods="com.saucedemo.testpages.CartPageTest.validateIfRedAndBoltTShirtAvailableInCart" duration-ms="814" status="PASS">
          <reporter-output>
          </reporter-output>
        </test-method> <!-- validateCheckoutButtonOnCartPage -->
        <test-method is-config="true" signature="quitBrowser()[pri:0, instance:com.saucedemo.testpages.CartPageTest@1750fbeb]" started-at="2024-03-25T15:59:00 EDT" name="quitBrowser" finished-at="2024-03-25T15:59:00 EDT" duration-ms="218" status="PASS">
          <reporter-output>
          </reporter-output>
        </test-method> <!-- quitBrowser -->
      </class> <!-- com.saucedemo.testpages.CartPageTest -->
      <class name="com.saucedemo.testpages.CheckoutPageTest">
        <test-method is-config="true" signature="loggerSetup()[pri:0, instance:com.saucedemo.testpages.CheckoutPageTest@5b247367]" started-at="2024-03-25T15:59:00 EDT" name="loggerSetup" finished-at="2024-03-25T15:59:00 EDT" duration-ms="4" status="PASS">
          <reporter-output>
          </reporter-output>
        </test-method> <!-- loggerSetup -->
        <test-method is-config="true" signature="launch()[pri:0, instance:com.saucedemo.testpages.CheckoutPageTest@5b247367]" started-at="2024-03-25T15:59:00 EDT" name="launch" finished-at="2024-03-25T15:59:02 EDT" duration-ms="2028" status="PASS">
          <reporter-output>
          </reporter-output>
        </test-method> <!-- launch -->
        <test-method signature="validateIfContinueButtonForCheckoutIsWorking()[pri:1, instance:com.saucedemo.testpages.CheckoutPageTest@5b247367]" started-at="2024-03-25T15:59:02 EDT" name="validateIfContinueButtonForCheckoutIsWorking" finished-at="2024-03-25T15:59:03 EDT" duration-ms="1171" status="PASS">
          <reporter-output>
          </reporter-output>
        </test-method> <!-- validateIfContinueButtonForCheckoutIsWorking -->
        <test-method is-config="true" signature="quitBrowser()[pri:0, instance:com.saucedemo.testpages.CheckoutPageTest@5b247367]" started-at="2024-03-25T15:59:03 EDT" name="quitBrowser" finished-at="2024-03-25T15:59:04 EDT" duration-ms="194" status="PASS">
          <reporter-output>
          </reporter-output>
        </test-method> <!-- quitBrowser -->
        <test-method is-config="true" signature="launch()[pri:0, instance:com.saucedemo.testpages.CheckoutPageTest@5b247367]" started-at="2024-03-25T15:59:04 EDT" name="launch" finished-at="2024-03-25T15:59:05 EDT" duration-ms="1908" status="PASS">
          <reporter-output>
          </reporter-output>
        </test-method> <!-- launch -->
        <test-method signature="validateTotalPaymentOnPage()[pri:0, instance:com.saucedemo.testpages.CheckoutPageTest@5b247367]" started-at="2024-03-25T15:59:05 EDT" name="validateTotalPaymentOnPage" finished-at="2024-03-25T15:59:07 EDT" depends-on-methods="com.saucedemo.testpages.CheckoutPageTest.validateIfContinueButtonForCheckoutIsWorking" duration-ms="1465" status="PASS">
          <reporter-output>
          </reporter-output>
        </test-method> <!-- validateTotalPaymentOnPage -->
        <test-method is-config="true" signature="quitBrowser()[pri:0, instance:com.saucedemo.testpages.CheckoutPageTest@5b247367]" started-at="2024-03-25T15:59:07 EDT" name="quitBrowser" finished-at="2024-03-25T15:59:07 EDT" duration-ms="249" status="PASS">
          <reporter-output>
          </reporter-output>
        </test-method> <!-- quitBrowser -->
        <test-method is-config="true" signature="launch()[pri:0, instance:com.saucedemo.testpages.CheckoutPageTest@5b247367]" started-at="2024-03-25T15:59:07 EDT" name="launch" finished-at="2024-03-25T15:59:09 EDT" duration-ms="1908" status="PASS">
          <reporter-output>
          </reporter-output>
        </test-method> <!-- launch -->
        <test-method signature="validateFinishButton()[pri:0, instance:com.saucedemo.testpages.CheckoutPageTest@5b247367]" started-at="2024-03-25T15:59:09 EDT" name="validateFinishButton" finished-at="2024-03-25T15:59:10 EDT" depends-on-methods="validateTotalPaymentOnPage()" duration-ms="1356" status="PASS">
          <reporter-output>
          </reporter-output>
        </test-method> <!-- validateFinishButton -->
        <test-method is-config="true" signature="quitBrowser()[pri:0, instance:com.saucedemo.testpages.CheckoutPageTest@5b247367]" started-at="2024-03-25T15:59:10 EDT" name="quitBrowser" finished-at="2024-03-25T15:59:11 EDT" duration-ms="247" status="PASS">
          <reporter-output>
          </reporter-output>
        </test-method> <!-- quitBrowser -->
        <test-method is-config="true" signature="launch()[pri:0, instance:com.saucedemo.testpages.CheckoutPageTest@5b247367]" started-at="2024-03-25T15:59:11 EDT" name="launch" finished-at="2024-03-25T15:59:13 EDT" duration-ms="1945" status="PASS">
          <reporter-output>
          </reporter-output>
        </test-method> <!-- launch -->
        <test-method signature="validateBackToProductsButtonIsWorking()[pri:0, instance:com.saucedemo.testpages.CheckoutPageTest@5b247367]" started-at="2024-03-25T15:59:13 EDT" name="validateBackToProductsButtonIsWorking" finished-at="2024-03-25T15:59:14 EDT" depends-on-methods="com.saucedemo.testpages.CheckoutPageTest.validateFinishButton" duration-ms="1556" status="PASS">
          <reporter-output>
          </reporter-output>
        </test-method> <!-- validateBackToProductsButtonIsWorking -->
        <test-method is-config="true" signature="quitBrowser()[pri:0, instance:com.saucedemo.testpages.CheckoutPageTest@5b247367]" started-at="2024-03-25T15:59:14 EDT" name="quitBrowser" finished-at="2024-03-25T15:59:14 EDT" duration-ms="264" status="PASS">
          <reporter-output>
          </reporter-output>
        </test-method> <!-- quitBrowser -->
      </class> <!-- com.saucedemo.testpages.CheckoutPageTest -->
      <class name="com.saucedemo.testpages.SauceDemoPageTest">
        <test-method is-config="true" signature="loggerSetup()[pri:0, instance:com.saucedemo.testpages.SauceDemoPageTest@4681c175]" started-at="2024-03-25T15:57:57 EDT" name="loggerSetup" finished-at="2024-03-25T15:57:58 EDT" duration-ms="51" status="PASS">
          <reporter-output>
          </reporter-output>
        </test-method> <!-- loggerSetup -->
        <test-method is-config="true" signature="launch()[pri:0, instance:com.saucedemo.testpages.SauceDemoPageTest@4681c175]" started-at="2024-03-25T15:57:59 EDT" name="launch" finished-at="2024-03-25T15:58:04 EDT" duration-ms="5316" status="PASS">
          <reporter-output>
          </reporter-output>
        </test-method> <!-- launch -->
        <test-method signature="validateIfUserCanLogin(java.lang.String,java.lang.String)[pri:0, instance:com.saucedemo.testpages.SauceDemoPageTest@4681c175]" started-at="2024-03-25T15:58:04 EDT" name="validateIfUserCanLogin" data-provider="UserCredentials" finished-at="2024-03-25T15:58:05 EDT" duration-ms="837" status="PASS">
          <params>
            <param index="0">
              <value>
                <![CDATA[standard_user]]>
              </value>
            </param>
            <param index="1">
              <value>
                <![CDATA[secret_sauce]]>
              </value>
            </param>
          </params>
          <reporter-output>
          </reporter-output>
        </test-method> <!-- validateIfUserCanLogin -->
        <test-method is-config="true" signature="quitBrowser()[pri:0, instance:com.saucedemo.testpages.SauceDemoPageTest@4681c175]" started-at="2024-03-25T15:58:05 EDT" name="quitBrowser" finished-at="2024-03-25T15:58:05 EDT" duration-ms="268" status="PASS">
          <reporter-output>
          </reporter-output>
        </test-method> <!-- quitBrowser -->
        <test-method is-config="true" signature="launch()[pri:0, instance:com.saucedemo.testpages.SauceDemoPageTest@4681c175]" started-at="2024-03-25T15:58:05 EDT" name="launch" finished-at="2024-03-25T15:58:07 EDT" duration-ms="2219" status="PASS">
          <reporter-output>
          </reporter-output>
        </test-method> <!-- launch -->
        <test-method signature="validateIfUserCanLogin(java.lang.String,java.lang.String)[pri:0, instance:com.saucedemo.testpages.SauceDemoPageTest@4681c175]" started-at="2024-03-25T15:58:07 EDT" name="validateIfUserCanLogin" data-provider="UserCredentials" finished-at="2024-03-25T15:58:08 EDT" duration-ms="538" status="PASS">
          <params>
            <param index="0">
              <value>
                <![CDATA[problem_user]]>
              </value>
            </param>
            <param index="1">
              <value>
                <![CDATA[secret_sauce]]>
              </value>
            </param>
          </params>
          <reporter-output>
          </reporter-output>
        </test-method> <!-- validateIfUserCanLogin -->
        <test-method is-config="true" signature="quitBrowser()[pri:0, instance:com.saucedemo.testpages.SauceDemoPageTest@4681c175]" started-at="2024-03-25T15:58:08 EDT" name="quitBrowser" finished-at="2024-03-25T15:58:08 EDT" duration-ms="243" status="PASS">
          <reporter-output>
          </reporter-output>
        </test-method> <!-- quitBrowser -->
        <test-method is-config="true" signature="launch()[pri:0, instance:com.saucedemo.testpages.SauceDemoPageTest@4681c175]" started-at="2024-03-25T15:58:08 EDT" name="launch" finished-at="2024-03-25T15:58:10 EDT" duration-ms="2041" status="PASS">
          <reporter-output>
          </reporter-output>
        </test-method> <!-- launch -->
        <test-method signature="validateIfUserCanLogin(java.lang.String,java.lang.String)[pri:0, instance:com.saucedemo.testpages.SauceDemoPageTest@4681c175]" started-at="2024-03-25T15:58:10 EDT" name="validateIfUserCanLogin" data-provider="UserCredentials" finished-at="2024-03-25T15:58:16 EDT" duration-ms="5690" status="PASS">
          <params>
            <param index="0">
              <value>
                <![CDATA[performance_glitch_user]]>
              </value>
            </param>
            <param index="1">
              <value>
                <![CDATA[secret_sauce]]>
              </value>
            </param>
          </params>
          <reporter-output>
          </reporter-output>
        </test-method> <!-- validateIfUserCanLogin -->
        <test-method is-config="true" signature="quitBrowser()[pri:0, instance:com.saucedemo.testpages.SauceDemoPageTest@4681c175]" started-at="2024-03-25T15:58:16 EDT" name="quitBrowser" finished-at="2024-03-25T15:58:16 EDT" duration-ms="252" status="PASS">
          <reporter-output>
          </reporter-output>
        </test-method> <!-- quitBrowser -->
        <test-method is-config="true" signature="launch()[pri:0, instance:com.saucedemo.testpages.SauceDemoPageTest@4681c175]" started-at="2024-03-25T15:58:16 EDT" name="launch" finished-at="2024-03-25T15:58:18 EDT" duration-ms="1964" status="PASS">
          <reporter-output>
          </reporter-output>
        </test-method> <!-- launch -->
        <test-method signature="validateIfUserCanLogin(java.lang.String,java.lang.String)[pri:0, instance:com.saucedemo.testpages.SauceDemoPageTest@4681c175]" started-at="2024-03-25T15:58:18 EDT" name="validateIfUserCanLogin" data-provider="UserCredentials" finished-at="2024-03-25T15:58:18 EDT" duration-ms="543" status="PASS">
          <params>
            <param index="0">
              <value>
                <![CDATA[error_user]]>
              </value>
            </param>
            <param index="1">
              <value>
                <![CDATA[secret_sauce]]>
              </value>
            </param>
          </params>
          <reporter-output>
          </reporter-output>
        </test-method> <!-- validateIfUserCanLogin -->
        <test-method is-config="true" signature="quitBrowser()[pri:0, instance:com.saucedemo.testpages.SauceDemoPageTest@4681c175]" started-at="2024-03-25T15:58:18 EDT" name="quitBrowser" finished-at="2024-03-25T15:58:19 EDT" duration-ms="223" status="PASS">
          <reporter-output>
          </reporter-output>
        </test-method> <!-- quitBrowser -->
        <test-method is-config="true" signature="launch()[pri:0, instance:com.saucedemo.testpages.SauceDemoPageTest@4681c175]" started-at="2024-03-25T15:58:19 EDT" name="launch" finished-at="2024-03-25T15:58:21 EDT" duration-ms="1924" status="PASS">
          <reporter-output>
          </reporter-output>
        </test-method> <!-- launch -->
        <test-method signature="validateIfUserCanLogin(java.lang.String,java.lang.String)[pri:0, instance:com.saucedemo.testpages.SauceDemoPageTest@4681c175]" started-at="2024-03-25T15:58:21 EDT" name="validateIfUserCanLogin" data-provider="UserCredentials" finished-at="2024-03-25T15:58:21 EDT" duration-ms="529" status="PASS">
          <params>
            <param index="0">
              <value>
                <![CDATA[visual_user]]>
              </value>
            </param>
            <param index="1">
              <value>
                <![CDATA[secret_sauce]]>
              </value>
            </param>
          </params>
          <reporter-output>
          </reporter-output>
        </test-method> <!-- validateIfUserCanLogin -->
        <test-method is-config="true" signature="quitBrowser()[pri:0, instance:com.saucedemo.testpages.SauceDemoPageTest@4681c175]" started-at="2024-03-25T15:58:21 EDT" name="quitBrowser" finished-at="2024-03-25T15:58:21 EDT" duration-ms="194" status="PASS">
          <reporter-output>
          </reporter-output>
        </test-method> <!-- quitBrowser -->
        <test-method is-config="true" signature="launch()[pri:0, instance:com.saucedemo.testpages.SauceDemoPageTest@4681c175]" started-at="2024-03-25T15:58:21 EDT" name="launch" finished-at="2024-03-25T15:58:23 EDT" duration-ms="2028" status="PASS">
          <reporter-output>
          </reporter-output>
        </test-method> <!-- launch -->
        <test-method signature="validateLockOutUserCanNotLogin()[pri:0, instance:com.saucedemo.testpages.SauceDemoPageTest@4681c175]" started-at="2024-03-25T15:58:23 EDT" name="validateLockOutUserCanNotLogin" finished-at="2024-03-25T15:58:24 EDT" duration-ms="520" status="PASS">
          <reporter-output>
          </reporter-output>
        </test-method> <!-- validateLockOutUserCanNotLogin -->
        <test-method is-config="true" signature="quitBrowser()[pri:0, instance:com.saucedemo.testpages.SauceDemoPageTest@4681c175]" started-at="2024-03-25T15:58:24 EDT" name="quitBrowser" finished-at="2024-03-25T15:58:24 EDT" duration-ms="277" status="PASS">
          <reporter-output>
          </reporter-output>
        </test-method> <!-- quitBrowser -->
      </class> <!-- com.saucedemo.testpages.SauceDemoPageTest -->
    </test> <!-- Test -->
  </suite> <!-- MyTestSuite -->
</testng-results>
